<?xml version="1.0" encoding="UTF-8"?>
<!-- Generated by org.testng.reporters.JUnitReportReporter -->
<testsuite hostname="MAVBCP2935" failures="0" tests="2" name="com.picnic.SampleSelenium" time="17.585" errors="0" timestamp="2021-09-15T09:34:31 IST" skipped="0">
  <testcase classname="com.picnic.SampleSelenium" name="TestMethod" time="7.845"/>
  <system-out/>
  <testcase classname="com.picnic.SampleSelenium" name="TestMethod2" time="9.740"/>
  <system-out/>
</testsuite> <!-- com.picnic.SampleSelenium -->
