<?xml version="1.0" encoding="UTF-8"?>
<!-- Generated by org.testng.reporters.JUnitReportReporter -->
<testsuite hostname="MAVBCP2935" failures="0" tests="2" name="com.picnic.CrossBrowserScript" time="34.012" errors="0" timestamp="2021-09-17T12:06:59 IST" skipped="0">
  <testcase classname="com.picnic.CrossBrowserScript" name="testParameterWithXML" time="18.687"/>
  <system-out/>
  <testcase classname="com.picnic.CrossBrowserScript" name="testParameterWithXML" time="15.325"/>
  <system-out/>
</testsuite> <!-- com.picnic.CrossBrowserScript -->
