<?xml version="1.0" encoding="UTF-8"?>
<!-- Generated by org.testng.reporters.JUnitReportReporter -->
<testsuite hostname="MAVBCP2935" failures="0" tests="1" name="com.picnic.VerifyWordpressLogin" time="28.895" errors="0" timestamp="2021-09-15T10:40:32 IST" skipped="0">
  <testcase classname="com.picnic.VerifyWordpressLogin" name="verifyValidLogin" time="28.895"/>
  <system-out/>
</testsuite> <!-- com.picnic.VerifyWordpressLogin -->
