<?xml version="1.0" encoding="UTF-8"?>
<!-- Generated by org.testng.reporters.JUnitReportReporter -->
<testsuite skipped="0" hostname="MAVBCP2935" name="com.picnic.CrossBrowserScript" tests="2" failures="0" timestamp="2021-09-17T12:25:18 IST" time="32.255" errors="0">
  <testcase name="testParameterWithXML" time="16.287" classname="com.picnic.CrossBrowserScript"/>
  <system-out/>
  <testcase name="testParameterWithXML" time="15.968" classname="com.picnic.CrossBrowserScript"/>
  <system-out/>
</testsuite> <!-- com.picnic.CrossBrowserScript -->
